2025-10-30T12:38:58.433+09:00  INFO 15632 --- [ch08] [restartedMain] kr.co.ch08.Ch08Application               : Starting Ch08Application using Java 17.0.16 with PID 15632 (C:\Users\GGG\Desktop\Workspace\Spring\ch08\build\classes\java\main started by GGG in C:\Users\GGG\Desktop\Workspace\Spring\ch08)
2025-10-30T12:38:58.439+09:00  INFO 15632 --- [ch08] [restartedMain] kr.co.ch08.Ch08Application               : No active profile set, falling back to 1 default profile: "default"
2025-10-30T12:38:58.486+09:00  INFO 15632 --- [ch08] [restartedMain] o.s.b.devtools.restart.ChangeableUrls    : The Class-Path manifest attribute in C:\Users\GGG\.gradle\caches\modules-2\files-2.1\com.oracle.database.jdbc\ojdbc11\23.7.0.25.01\665f52abef9122ce003b5cfc1d9d44f7302e2cfe\ojdbc11-23.7.0.25.01.jar referenced one or more files that do not exist: file:/C:/Users/GGG/.gradle/caches/modules-2/files-2.1/com.oracle.database.jdbc/ojdbc11/23.7.0.25.01/665f52abef9122ce003b5cfc1d9d44f7302e2cfe/oraclepki.jar
2025-10-30T12:38:58.486+09:00  INFO 15632 --- [ch08] [restartedMain] .e.DevToolsPropertyDefaultsPostProcessor : Devtools property defaults active! Set 'spring.devtools.add-properties' to 'false' to disable
2025-10-30T12:38:58.486+09:00  INFO 15632 --- [ch08] [restartedMain] .e.DevToolsPropertyDefaultsPostProcessor : For additional web related logging consider setting the 'logging.level.web' property to 'DEBUG'
2025-10-30T12:38:59.143+09:00  INFO 15632 --- [ch08] [restartedMain] .s.d.r.c.RepositoryConfigurationDelegate : Bootstrapping Spring Data JPA repositories in DEFAULT mode.
2025-10-30T12:38:59.187+09:00  INFO 15632 --- [ch08] [restartedMain] .s.d.r.c.RepositoryConfigurationDelegate : Finished Spring Data repository scanning in 35 ms. Found 2 JPA repository interfaces.
2025-10-30T12:38:59.287+09:00  WARN 15632 --- [ch08] [restartedMain] o.m.s.mapper.ClassPathMapperScanner      : No MyBatis mapper was found in '[kr.co.ch08]' package. Please check your configuration.
2025-10-30T12:38:59.701+09:00  INFO 15632 --- [ch08] [restartedMain] o.s.b.w.embedded.tomcat.TomcatWebServer  : Tomcat initialized with port 8080 (http)
2025-10-30T12:38:59.716+09:00  INFO 15632 --- [ch08] [restartedMain] o.apache.catalina.core.StandardService   : Starting service [Tomcat]
2025-10-30T12:38:59.716+09:00  INFO 15632 --- [ch08] [restartedMain] o.apache.catalina.core.StandardEngine    : Starting Servlet engine: [Apache Tomcat/10.1.46]
2025-10-30T12:38:59.760+09:00  INFO 15632 --- [ch08] [restartedMain] o.a.c.c.C.[Tomcat].[localhost].[/ch08]   : Initializing Spring embedded WebApplicationContext
2025-10-30T12:38:59.761+09:00  INFO 15632 --- [ch08] [restartedMain] w.s.c.ServletWebServerApplicationContext : Root WebApplicationContext: initialization completed in 1274 ms
2025-10-30T12:38:59.828+09:00  WARN 15632 --- [ch08] [restartedMain] ConfigServletWebServerApplicationContext : Exception encountered during context initialization - cancelling refresh attempt: org.springframework.beans.factory.BeanCreationException: Error creating bean with name 'entityManagerFactory' defined in class path resource [org/springframework/boot/autoconfigure/orm/jpa/HibernateJpaConfiguration.class]: Failed to initialize dependency 'dataSourceScriptDatabaseInitializer' of LoadTimeWeaverAware bean 'entityManagerFactory': Error creating bean with name 'dataSourceScriptDatabaseInitializer' defined in class path resource [org/springframework/boot/autoconfigure/sql/init/DataSourceInitializationConfiguration.class]: Unsatisfied dependency expressed through method 'dataSourceScriptDatabaseInitializer' parameter 0: Error creating bean with name 'dataSource' defined in class path resource [org/springframework/boot/autoconfigure/jdbc/DataSourceConfiguration$Hikari.class]: Failed to instantiate [com.zaxxer.hikari.HikariDataSource]: Factory method 'dataSource' threw exception with message: Failed to determine suitable jdbc url
2025-10-30T12:38:59.830+09:00  INFO 15632 --- [ch08] [restartedMain] o.apache.catalina.core.StandardService   : Stopping service [Tomcat]
2025-10-30T12:38:59.890+09:00  INFO 15632 --- [ch08] [restartedMain] .s.b.a.l.ConditionEvaluationReportLogger : 

Error starting ApplicationContext. To display the condition evaluation report re-run your application with 'debug' enabled.
2025-10-30T12:38:59.908+09:00 ERROR 15632 --- [ch08] [restartedMain] o.s.b.d.LoggingFailureAnalysisReporter   : 

***************************
APPLICATION FAILED TO START
***************************

Description:

Failed to configure a DataSource: 'url' attribute is not specified and no embedded datasource could be configured.

Reason: Failed to determine suitable jdbc url


Action:

Consider the following:
	If you want an embedded database (H2, HSQL or Derby), please put it on the classpath.
	If you have database settings to be loaded from a particular profile you may need to activate it (no profiles are currently active).

2025-10-30T12:42:36.200+09:00  INFO 15948 --- [ch08] [restartedMain] kr.co.ch08.Ch08Application               : Starting Ch08Application using Java 17.0.16 with PID 15948 (C:\Users\GGG\Desktop\Workspace\Spring\ch08\build\classes\java\main started by GGG in C:\Users\GGG\Desktop\Workspace\Spring\ch08)
2025-10-30T12:42:36.202+09:00  INFO 15948 --- [ch08] [restartedMain] kr.co.ch08.Ch08Application               : No active profile set, falling back to 1 default profile: "default"
2025-10-30T12:42:36.245+09:00  INFO 15948 --- [ch08] [restartedMain] o.s.b.devtools.restart.ChangeableUrls    : The Class-Path manifest attribute in C:\Users\GGG\.gradle\caches\modules-2\files-2.1\com.oracle.database.jdbc\ojdbc11\23.7.0.25.01\665f52abef9122ce003b5cfc1d9d44f7302e2cfe\ojdbc11-23.7.0.25.01.jar referenced one or more files that do not exist: file:/C:/Users/GGG/.gradle/caches/modules-2/files-2.1/com.oracle.database.jdbc/ojdbc11/23.7.0.25.01/665f52abef9122ce003b5cfc1d9d44f7302e2cfe/oraclepki.jar
2025-10-30T12:42:36.245+09:00  INFO 15948 --- [ch08] [restartedMain] .e.DevToolsPropertyDefaultsPostProcessor : Devtools property defaults active! Set 'spring.devtools.add-properties' to 'false' to disable
2025-10-30T12:42:36.245+09:00  INFO 15948 --- [ch08] [restartedMain] .e.DevToolsPropertyDefaultsPostProcessor : For additional web related logging consider setting the 'logging.level.web' property to 'DEBUG'
2025-10-30T12:42:36.910+09:00  INFO 15948 --- [ch08] [restartedMain] .s.d.r.c.RepositoryConfigurationDelegate : Bootstrapping Spring Data JPA repositories in DEFAULT mode.
2025-10-30T12:42:36.954+09:00  INFO 15948 --- [ch08] [restartedMain] .s.d.r.c.RepositoryConfigurationDelegate : Finished Spring Data repository scanning in 35 ms. Found 2 JPA repository interfaces.
2025-10-30T12:42:37.050+09:00  WARN 15948 --- [ch08] [restartedMain] o.m.s.mapper.ClassPathMapperScanner      : No MyBatis mapper was found in '[kr.co.ch08]' package. Please check your configuration.
2025-10-30T12:42:37.425+09:00  INFO 15948 --- [ch08] [restartedMain] o.s.b.w.embedded.tomcat.TomcatWebServer  : Tomcat initialized with port 8080 (http)
2025-10-30T12:42:37.436+09:00  INFO 15948 --- [ch08] [restartedMain] o.apache.catalina.core.StandardService   : Starting service [Tomcat]
2025-10-30T12:42:37.436+09:00  INFO 15948 --- [ch08] [restartedMain] o.apache.catalina.core.StandardEngine    : Starting Servlet engine: [Apache Tomcat/10.1.46]
2025-10-30T12:42:37.478+09:00  INFO 15948 --- [ch08] [restartedMain] o.a.c.c.C.[Tomcat].[localhost].[/ch08]   : Initializing Spring embedded WebApplicationContext
2025-10-30T12:42:37.480+09:00  INFO 15948 --- [ch08] [restartedMain] w.s.c.ServletWebServerApplicationContext : Root WebApplicationContext: initialization completed in 1234 ms
2025-10-30T12:42:37.538+09:00  WARN 15948 --- [ch08] [restartedMain] ConfigServletWebServerApplicationContext : Exception encountered during context initialization - cancelling refresh attempt: org.springframework.beans.factory.BeanCreationException: Error creating bean with name 'entityManagerFactory' defined in class path resource [org/springframework/boot/autoconfigure/orm/jpa/HibernateJpaConfiguration.class]: Failed to initialize dependency 'dataSourceScriptDatabaseInitializer' of LoadTimeWeaverAware bean 'entityManagerFactory': Error creating bean with name 'dataSourceScriptDatabaseInitializer' defined in class path resource [org/springframework/boot/autoconfigure/sql/init/DataSourceInitializationConfiguration.class]: Unsatisfied dependency expressed through method 'dataSourceScriptDatabaseInitializer' parameter 0: Error creating bean with name 'dataSource' defined in class path resource [org/springframework/boot/autoconfigure/jdbc/DataSourceConfiguration$Hikari.class]: Failed to instantiate [com.zaxxer.hikari.HikariDataSource]: Factory method 'dataSource' threw exception with message: Failed to determine suitable jdbc url
2025-10-30T12:42:37.541+09:00  INFO 15948 --- [ch08] [restartedMain] o.apache.catalina.core.StandardService   : Stopping service [Tomcat]
2025-10-30T12:42:37.592+09:00  INFO 15948 --- [ch08] [restartedMain] .s.b.a.l.ConditionEvaluationReportLogger : 

Error starting ApplicationContext. To display the condition evaluation report re-run your application with 'debug' enabled.
2025-10-30T12:42:37.611+09:00 ERROR 15948 --- [ch08] [restartedMain] o.s.b.d.LoggingFailureAnalysisReporter   : 

***************************
APPLICATION FAILED TO START
***************************

Description:

Failed to configure a DataSource: 'url' attribute is not specified and no embedded datasource could be configured.

Reason: Failed to determine suitable jdbc url


Action:

Consider the following:
	If you want an embedded database (H2, HSQL or Derby), please put it on the classpath.
	If you have database settings to be loaded from a particular profile you may need to activate it (no profiles are currently active).

2025-10-30T12:42:42.059+09:00  INFO 3088 --- [ch08] [restartedMain] kr.co.ch08.Ch08Application               : Starting Ch08Application using Java 17.0.16 with PID 3088 (C:\Users\GGG\Desktop\Workspace\Spring\ch08\build\classes\java\main started by GGG in C:\Users\GGG\Desktop\Workspace\Spring\ch08)
2025-10-30T12:42:42.061+09:00  INFO 3088 --- [ch08] [restartedMain] kr.co.ch08.Ch08Application               : No active profile set, falling back to 1 default profile: "default"
2025-10-30T12:42:42.101+09:00  INFO 3088 --- [ch08] [restartedMain] o.s.b.devtools.restart.ChangeableUrls    : The Class-Path manifest attribute in C:\Users\GGG\.gradle\caches\modules-2\files-2.1\com.oracle.database.jdbc\ojdbc11\23.7.0.25.01\665f52abef9122ce003b5cfc1d9d44f7302e2cfe\ojdbc11-23.7.0.25.01.jar referenced one or more files that do not exist: file:/C:/Users/GGG/.gradle/caches/modules-2/files-2.1/com.oracle.database.jdbc/ojdbc11/23.7.0.25.01/665f52abef9122ce003b5cfc1d9d44f7302e2cfe/oraclepki.jar
2025-10-30T12:42:42.102+09:00  INFO 3088 --- [ch08] [restartedMain] .e.DevToolsPropertyDefaultsPostProcessor : Devtools property defaults active! Set 'spring.devtools.add-properties' to 'false' to disable
2025-10-30T12:42:42.102+09:00  INFO 3088 --- [ch08] [restartedMain] .e.DevToolsPropertyDefaultsPostProcessor : For additional web related logging consider setting the 'logging.level.web' property to 'DEBUG'
2025-10-30T12:42:42.748+09:00  INFO 3088 --- [ch08] [restartedMain] .s.d.r.c.RepositoryConfigurationDelegate : Bootstrapping Spring Data JPA repositories in DEFAULT mode.
2025-10-30T12:42:42.792+09:00  INFO 3088 --- [ch08] [restartedMain] .s.d.r.c.RepositoryConfigurationDelegate : Finished Spring Data repository scanning in 35 ms. Found 2 JPA repository interfaces.
2025-10-30T12:42:42.888+09:00  WARN 3088 --- [ch08] [restartedMain] o.m.s.mapper.ClassPathMapperScanner      : No MyBatis mapper was found in '[kr.co.ch08]' package. Please check your configuration.
2025-10-30T12:42:43.253+09:00  INFO 3088 --- [ch08] [restartedMain] o.s.b.w.embedded.tomcat.TomcatWebServer  : Tomcat initialized with port 8080 (http)
2025-10-30T12:42:43.268+09:00  INFO 3088 --- [ch08] [restartedMain] o.apache.catalina.core.StandardService   : Starting service [Tomcat]
2025-10-30T12:42:43.268+09:00  INFO 3088 --- [ch08] [restartedMain] o.apache.catalina.core.StandardEngine    : Starting Servlet engine: [Apache Tomcat/10.1.46]
2025-10-30T12:42:43.310+09:00  INFO 3088 --- [ch08] [restartedMain] o.a.c.c.C.[Tomcat].[localhost].[/ch08]   : Initializing Spring embedded WebApplicationContext
2025-10-30T12:42:43.310+09:00  INFO 3088 --- [ch08] [restartedMain] w.s.c.ServletWebServerApplicationContext : Root WebApplicationContext: initialization completed in 1207 ms
2025-10-30T12:42:43.481+09:00  INFO 3088 --- [ch08] [restartedMain] o.hibernate.jpa.internal.util.LogHelper  : HHH000204: Processing PersistenceUnitInfo [name: default]
2025-10-30T12:42:43.559+09:00  INFO 3088 --- [ch08] [restartedMain] org.hibernate.Version                    : HHH000412: Hibernate ORM core version 6.6.29.Final
2025-10-30T12:42:43.599+09:00  INFO 3088 --- [ch08] [restartedMain] o.h.c.internal.RegionFactoryInitiator    : HHH000026: Second-level cache disabled
2025-10-30T12:42:43.945+09:00  INFO 3088 --- [ch08] [restartedMain] o.s.o.j.p.SpringPersistenceUnitInfo      : No LoadTimeWeaver setup: ignoring JPA class transformer
2025-10-30T12:42:43.986+09:00  INFO 3088 --- [ch08] [restartedMain] com.zaxxer.hikari.HikariDataSource       : HikariPool-1 - Starting...
2025-10-30T12:42:43.993+09:00  WARN 3088 --- [ch08] [restartedMain] c.zaxxer.hikari.util.DriverDataSource    : Registered driver with driverClassName=oracle.jdbc.driver.OracleDriver was not found, trying direct instantiation.
2025-10-30T12:42:44.407+09:00  INFO 3088 --- [ch08] [restartedMain] com.zaxxer.hikari.pool.HikariPool        : HikariPool-1 - Added connection oracle.jdbc.driver.T4CConnection@77a221e3
2025-10-30T12:42:44.408+09:00  INFO 3088 --- [ch08] [restartedMain] com.zaxxer.hikari.HikariDataSource       : HikariPool-1 - Start completed.
2025-10-30T12:42:44.716+09:00  INFO 3088 --- [ch08] [restartedMain] org.hibernate.orm.connections.pooling    : HHH10001005: Database info:
	Database JDBC URL [Connecting through datasource 'HikariDataSource (HikariPool-1)']
	Database driver: undefined/unknown
	Database version: 21.3
	Autocommit mode: undefined/unknown
	Isolation level: undefined/unknown
	Minimum pool size: undefined/unknown
	Maximum pool size: undefined/unknown
2025-10-30T12:42:45.642+09:00  INFO 3088 --- [ch08] [restartedMain] o.h.e.t.j.p.i.JtaPlatformInitiator       : HHH000489: No JTA platform available (set 'hibernate.transaction.jta.platform' to enable JTA platform integration)
2025-10-30T12:42:46.726+09:00  INFO 3088 --- [ch08] [restartedMain] j.LocalContainerEntityManagerFactoryBean : Initialized JPA EntityManagerFactory for persistence unit 'default'
2025-10-30T12:42:46.967+09:00  WARN 3088 --- [ch08] [restartedMain] JpaBaseConfiguration$JpaWebConfiguration : spring.jpa.open-in-view is enabled by default. Therefore, database queries may be performed during view rendering. Explicitly configure spring.jpa.open-in-view to disable this warning
2025-10-30T12:42:47.311+09:00  INFO 3088 --- [ch08] [restartedMain] o.s.b.d.a.OptionalLiveReloadServer       : LiveReload server is running on port 35729
2025-10-30T12:42:47.347+09:00  INFO 3088 --- [ch08] [restartedMain] o.s.b.w.embedded.tomcat.TomcatWebServer  : Tomcat started on port 8080 (http) with context path '/ch08'
2025-10-30T12:42:47.355+09:00  INFO 3088 --- [ch08] [restartedMain] kr.co.ch08.Ch08Application               : Started Ch08Application in 5.723 seconds (process running for 6.259)
2025-10-30T12:44:24.710+09:00  INFO 3088 --- [ch08] [http-nio-8080-exec-1] o.a.c.c.C.[Tomcat].[localhost].[/ch08]   : Initializing Spring DispatcherServlet 'dispatcherServlet'
2025-10-30T12:44:24.711+09:00  INFO 3088 --- [ch08] [http-nio-8080-exec-1] o.s.web.servlet.DispatcherServlet        : Initializing Servlet 'dispatcherServlet'
2025-10-30T12:44:24.713+09:00  INFO 3088 --- [ch08] [http-nio-8080-exec-1] o.s.web.servlet.DispatcherServlet        : Completed initialization in 2 ms
2025-10-30T12:44:55.309+09:00  INFO 3088 --- [ch08] [http-nio-8080-exec-5] kr.co.ch08.controller.User1Controller    : user1DTO=User1DTO(userid=asdfasdf, name=asdfasdf, birth=2025-10-30 00:00:00.000, age=11, email=null)
2025-10-30T14:03:17.529+09:00  INFO 3088 --- [ch08] [SpringApplicationShutdownHook] o.s.b.w.e.tomcat.GracefulShutdown        : Commencing graceful shutdown. Waiting for active requests to complete
2025-10-30T14:03:17.624+09:00  INFO 3088 --- [ch08] [tomcat-shutdown] o.s.b.w.e.tomcat.GracefulShutdown        : Graceful shutdown complete
2025-10-30T14:03:17.627+09:00  INFO 3088 --- [ch08] [SpringApplicationShutdownHook] j.LocalContainerEntityManagerFactoryBean : Closing JPA EntityManagerFactory for persistence unit 'default'
2025-10-30T14:03:17.630+09:00  INFO 3088 --- [ch08] [SpringApplicationShutdownHook] com.zaxxer.hikari.HikariDataSource       : HikariPool-1 - Shutdown initiated...
2025-10-30T14:03:17.638+09:00  INFO 3088 --- [ch08] [SpringApplicationShutdownHook] com.zaxxer.hikari.HikariDataSource       : HikariPool-1 - Shutdown completed.
